Pg(AlCl3) = 0.0
Pe(HCl) = 20.835086995143538
Pe(GaCl) = 0.05411845680505259
Pe(NH3) = 1481.426566610016
Pe(AlCl3) = -9.4039548065783E-38
Pe(H2) = 6.506251033726191
x = 0.0
G(HCl) = -1.854129720878401E-7
G(GaCl) = 1.854129720878401E-7
G(NH3) = 1.8541297208783938E-7
G(AlCl3) = 4.6623881772111055E-46
G(H2) = -1.854129720878401E-7
Vg(AlGaN) = 2.5243297809617644
Pg(AlCl3) = 1.0
Pe(HCl) = 21.811285440999146
Pe(GaCl) = 0.05328522801561224
Pe(NH3) = 1481.549633664592
Pe(AlCl3) = 2.4313841619626616E-9
Pe(H2) = 6.289165093922532
x = 0.026918135687382744
G(HCl) = -1.9410023388021022E-7
G(GaCl) = 1.7922652937469647E-7
G(NH3) = 1.841844308765335E-7
G(AlCl3) = 4.9579015018379205E-9
G(H2) = -1.7922652937469647E-7
Vg(AlGaN) = 2.5036081476166805
Pg(AlCl3) = 2.0
Pe(HCl) = 22.787632686540025
Pe(GaCl) = 0.052238130488418556
Pe(NH3) = 1481.672568071009
Pe(AlCl3) = 5.5821919967983014E-9
Pe(H2) = 6.07212562073212
x = 0.054197387418382835
G(HCl) = -2.0278881985192738E-7
G(GaCl) = 1.7304141085160033E-7
G(NH3) = 1.8295721385170893E-7
G(AlCl3) = 9.91580300010901E-9
G(H2) = -1.7304141085160028E-7
Vg(AlGaN) = 2.482904542588946
Pg(AlCl3) = 3.0
Pe(HCl) = 23.76411974821187
Pe(GaCl) = 0.0509900758604828
Pe(NH3) = 1481.795377837548
Pe(AlCl3) = 9.559772205931937E-9
Pe(H2) = 5.855129808882671
x = 0.08184451064538793
G(HCl) = -2.1147865005768078E-7
G(GaCl) = 1.6685753657483762E-7
G(NH3) = 1.8173124106911755E-7
G(AlCl3) = 1.4873704494281043E-8
G(H2) = -1.668575365748376E-7
Vg(AlGaN) = 2.4622178774673262
Pg(AlCl3) = 4.0
Pe(HCl) = 24.74073740183573
Pe(GaCl) = 0.049554321594301065
Pe(NH3) = 1481.9180711869858
Pe(AlCl3) = 1.4479713175443086E-8
Pe(H2) = 5.638174777965439
x = 0.10986647918903149
G(HCl) = -2.2016964241082338E-7
G(GaCl) = 1.6067482445948054E-7
G(NH3) = 1.8050643044326096E-7
G(AlCl3) = 1.9831605983780946E-8
G(H2) = -1.6067482445948056E-7
Vg(AlGaN) = 2.4415470346882184
Pg(AlCl3) = 5.0
Pe(HCl) = 25.71747617487737
Pe(GaCl) = 0.047944482088376955
Pe(NH3) = 1482.040656563488
Pe(AlCl3) = 2.0466117691297754E-8
Pe(H2) = 5.42125757002127
x = 0.1382704956416657
G(HCl) = -2.2886171261457597E-7
G(GaCl) = 1.544931902105957E-7
G(NH3) = 1.7928269767858847E-7
G(AlCl3) = 2.4789507467993427E-8
G(H2) = -1.544931902105957E-7
Vg(AlGaN) = 2.4208908665990636
Pg(AlCl3) = 6.0
Pe(HCl) = 26.694326338330246
Pe(GaCl) = 0.04617454034289436
Pe(NH3) = 1482.163142639843
Pe(AlCl3) = 2.7651888397807246E-8
Pe(H2) = 5.204375147006046
x = 0.16706400238188365
G(HCl) = -2.375547740897936E-7
G(GaCl) = 1.4831254725101492E-7
G(NH3) = 1.7805995619727418E-7
G(AlCl3) = 2.9747408946259564E-8
G(H2) = -1.4831254725101494E-7
Vg(AlGaN) = 2.4002481944749516
Pg(AlCl3) = 7.0
Pe(HCl) = 27.671277898186016
Pe(GaCl) = 0.04425886021834879
Pe(NH3) = 1482.2855383250662
Pe(AlCl3) = 3.617902463817811E-8
Pe(H2) = 4.987524388127275
x = 0.19625469324269307
G(HCl) = -2.462487378990607E-7
G(GaCl) = 1.4213280664543464E-7
G(NH3) = 1.768381170633101E-7
G(AlCl3) = 3.470531041787535E-8
G(H2) = -1.4213280664543464E-7
Vg(AlGaN) = 2.3796178074852445
Pg(AlCl3) = 8.0
Pe(HCl) = 28.64832058646398
Pe(GaCl) = 0.04221219932796963
Pe(NH3) = 1482.4078527723962
Pe(AlCl3) = 4.619893136696344E-8
Pe(H2) = 4.770702087043005
x = 0.22585052587945803
G(HCl) = -2.5494351266686164E-7
G(GaCl) = 1.3595387702059122E-7
G(NH3) = 1.7561708890268183E-7
G(AlCl3) = 3.966321188209012E-8
G(H2) = -1.3595387702059122E-7
Vg(AlGaN) = 2.358998461606771
Pg(AlCl3) = 9.0
Pe(HCl) = 29.625443851768903
Pe(GaCl) = 0.04004972260806532
Pe(NH3) = 1482.5300953877118
Pe(AlCl3) = 5.787274087875746E-8
Pe(H2) = 4.553904948913432
x = 0.25585973488757724
G(HCl) = -2.6363900449555375E-7
G(GaCl) = 1.2977566448123873E-7
G(NH3) = 1.743967778193429E-7
G(AlCl3) = 4.4621113338105E-8
G(H2) = -1.2977566448123873E-7
Vg(AlGaN) = 2.3383888784798783
Pg(AlCl3) = 10.0
Pe(HCl) = 30.60263684934386
Pe(GaCl) = 0.03778701661403236
Pe(NH3) = 1482.6522758383985
Pe(AlCl3) = 7.137164815772373E-8
Pe(H2) = 4.337129587294844
x = 0.2862908457240906
G(HCl) = -2.7233511687684743E-7
G(GaCl) = 1.235980725216337E-7
G(NH3) = 1.7317708730670564E-7
G(AlCl3) = 4.957901478507124E-8
G(H2) = -1.2359807252163374E-7
Vg(AlGaN) = 2.317787744203304
Pg(AlCl3) = 11.0
Pe(HCl) = 31.579888430582262
Pe(GaCl) = 0.03544010459371629
Pe(NH3) = 1482.7744040626992
Pe(AlCl3) = 8.687726071810492E-8
Pe(H2) = 4.120372520864686
x = 0.3171526894920489
G(HCl) = -2.810317505984723E-7
G(GaCl) = 1.1742100193220701E-7
G(NH3) = 1.719579181542961E-7
G(AlCl3) = 5.453691622208842E-8
G(H2) = -1.1742100193220707E-7
Vg(AlGaN) = 2.2971937080635274
Pg(AlCl3) = 12.0
Pe(HCl) = 32.55718713196
Pe(GaCl) = 0.03302546239413708
Pe(NH3) = 1482.8964902795785
Pe(AlCl3) = 1.0458196387766842E-7
Pe(H2) = 3.9036301699655516
x = 0.34845441865158383
G(HCl) = -2.89728803645684E-7
G(GaCl) = 1.1124435070107574E-7
G(NH3) = 1.707391683492782E-7
G(AlCl3) = 5.949481764820273E-8
G(H2) = -1.1124435070107578E-7
Vg(AlGaN) = 2.2766053811938676
Pg(AlCl3) = 13.0
Pe(HCl) = 33.53452116334548
Pe(GaCl) = 0.03056003526233406
Pe(NH3) = 1483.018544999144
Pe(AlCl3) = 1.2468930248468673E-7
Pe(H2) = 3.686898852954909
x = 0.38020552372723404
G(HCl) = -2.9842617109723386E-7
G(GaCl) = 1.0506801391001884E-7
G(NH3) = 1.6952073297242438E-7
G(AlCl3) = 6.445271906240501E-8
G(H2) = -1.0506801391001887E-7
Vg(AlGaN) = 2.2560213351582026
Pg(AlCl3) = 14.0
Pe(HCl) = 34.51187839564168
Pe(GaCl) = 0.02806125560629286
Pe(NH3) = 1483.1405790336632
Pe(AlCl3) = 1.4741438020525972E-7
Pe(H2) = 3.4701747823462457
x = 0.41241585108727463
G(HCl) = -3.071237450153953E-7
G(GaCl) = 9.889188362450885E-8
G(NH3) = 1.683025040881368E-7
G(AlCl3) = 6.94106204636288E-8
G(H2) = -9.889188362450885E-8
Vg(AlGaN) = 2.23544010045377
Pg(AlCl3) = 15.0
Pe(HCl) = 35.48924634771024
Pe(GaCl) = 0.025547061787641413
Pe(NH3) = 1483.2626035092178
Pe(AlCl3) = 1.729842775725343E-7
Pe(H2) = 3.2534540607260345
x = 0.4450956218776318
G(HCl) = -3.1582141432959955E-7
G(GaCl) = 9.271584877735481E-8
G(NH3) = 1.67084370628104E-7
G(AlCl3) = 7.436852185074824E-8
G(H2) = -9.271584877735484E-8
Vg(AlGaN) = 2.2148601649269777
Pg(AlCl3) = 16.0
Pe(HCl) = 36.46661217252346
Pe(GaCl) = 0.023035918024102934
Pe(NH3) = 1483.3846298780502
Pe(AlCl3) = 2.016384901032537E-7
Pe(H2) = 3.036732676429581
x = 0.4782554522005168
G(HCl) = -3.245190647132021E-7
G(GaCl) = 8.653979504547422E-8
G(NH3) = 1.6586621826805073E-7
G(AlCl3) = 7.932642322257596E-8
G(H2) = -8.653979504547428E-8
Vg(AlGaN) = 2.1942799720956754
Pg(AlCl3) = 17.0
Pe(HCl) = 37.44396264248505
Pe(GaCl) = 0.020546835486639187
Pe(NH3) = 1483.5066699316471
Pe(AlCl3) = 2.3362938790173665E-7
Pe(H2) = 2.820006498957319
x = 0.5119063746362617
G(HCl) = -3.332165784528502E-7
G(GaCl) = 8.036360471926806E-8
G(NH3) = 1.646479292971289E-7
G(AlCl3) = 8.428432457786071E-8
G(H2) = -8.036360471926808E-8
Vg(AlGaN) = 2.173697919370708
Pg(AlCl3) = 18.0
Pe(HCl) = 38.42128413385511
Pe(GaCl) = 0.018099394683880533
Pe(NH3) = 1483.6287358146244
Pe(AlCl3) = 2.6922269829736083E-7
Pe(H2) = 2.6032712741114117
x = 0.5460598612161004
G(HCl) = -3.4191383430988034E-7
G(GaCl) = 7.418715656402506E-8
G(NH3) = 1.6342938247930972E-7
G(AlCl3) = 8.924222591528508E-8
G(H2) = -7.418715656402509E-8
Vg(AlGaN) = 2.153112356168964
Pg(AlCl3) = 19.0
Pe(HCl) = 39.39856261020925
Pe(GaCl) = 0.015713769234909362
Pe(NH3) = 1483.7508400394713
Pe(AlCl3) = 3.08698013200828E-7
Pe(H2) = 2.3865226188307065
x = 0.5807278479638982
G(HCl) = -3.506107073731189E-7
G(GaCl) = 6.801032567273037E-8
G(NH3) = 1.6221045290619398E-7
G(AlCl3) = 9.420012723346284E-8
G(H2) = -6.801032567273035E-8
Vg(AlGaN) = 2.1325215819093755
Pg(AlCl3) = 20.0
Pe(HCl) = 40.375783604854746
Pe(GaCl) = 0.013410751140835536
Pe(NH3) = 1483.872995502226
Pe(AlCl3) = 3.523493230181286E-7
Pe(H2) = 2.1697560157000653
x = 0.6159227611362393
G(HCl) = -3.593070689024032E-7
G(GaCl) = 6.183298330959386E-8
G(NH3) = 1.6099101184052948E-7
G(AlCl3) = 9.915802853093644E-8
G(H2) = -6.183298330959384E-8
Vg(AlGaN) = 2.1119238438825905
Pg(AlCl3) = 21.0
Pe(HCl) = 41.35293220211987
Pe(GaCl) = 0.011211777675988998
Pe(NH3) = 1483.9952154991533
Pe(AlCl3) = 4.0048557913116407E-7
Pe(H2) = 1.9529668071077857
x = 0.651657545302966
G(HCl) = -3.680027861620729E-7
G(GaCl) = 5.5654996743550624E-8
G(NH3) = 1.597709265497255E-7
G(AlCl3) = 1.041159298061741E-7
G(H2) = -5.565499674355062E-8
Vg(AlGaN) = 2.0913173349841
Pg(AlCl3) = 22.0
Pe(HCl) = 42.32999301742417
Pe(GaCl) = 0.009138960031082131
Pe(NH3) = 1484.1175137445118
Pe(AlCl3) = 4.5343128714218784E-7
Pe(H2) = 1.7361501890223938
x = 0.687945693424393
G(HCl) = -3.766977222436149E-7
G(GaCl) = 4.94762290709139E-8
G(NH3) = 1.585500601284815E-7
G(AlCl3) = 1.0907383105756698E-7
G(H2) = -4.947622907091389E-8
Vg(AlGaN) = 2.070700191299687
Pg(AlCl3) = 23.0
Pe(HCl) = 43.306950176028764
Pe(GaCl) = 0.007215113853506788
Pe(NH3) = 1484.2399043894952
Pe(AlCl3) = 5.115271332881249E-7
Pe(H2) = 1.5193012043572485
x = 0.7248012790971905
G(HCl) = -3.853917358765597E-7
G(GaCl) = 4.3296539026281734E-8
G(NH3) = 1.5732827130970788E-7
G(AlCl3) = 1.1403173228342598E-7
G(H2) = -4.3296539026281794E-8
Vg(AlGaN) = 2.0500704895309534
Pg(AlCl3) = 24.0
Pe(HCl) = 44.28378729035573
Pe(GaCl) = 0.005463791844194392
Pe(NH3) = 1484.3624020424509
Pe(AlCl3) = 5.751306466629494E-7
Pe(H2) = 1.302414735888307
x = 0.7622389911585444
G(HCl) = -3.9408468122664577E-7
G(GaCl) = 3.71157807807102E-8
G(NH3) = 1.5610541426268834E-7
G(AlCl3) = 1.1898963348197852E-7
G(H2) = -3.7115780780710164E-8
Vg(AlGaN) = 2.0294262442474733
Pg(AlCl3) = 25.0
Pe(HCl) = 45.26048743575451
Pe(GaCl) = 0.003909318586371673
Pe(NH3) = 1484.4850217904818
Pe(AlCl3) = 6.446169001442818E-7
Pe(H2) = 1.0854854986870142
x = 0.8002741708579211
G(HCl) = -4.0277640768016264E-7
G(GaCl) = 3.093380372606761E-8
G(NH3) = 1.5488133837743267E-7
G(AlCl3) = 1.23947534651365E-7
G(H2) = -3.0933803726067614E-8
Vg(AlGaN) = 2.0087654049508163
Pg(AlCl3) = 26.0
Pe(HCl) = 46.237033124581124
Pe(GaCl) = 0.00257682779930603
Pe(NH3) = 1484.6077792225537
Pe(AlCl3) = 7.203792532082915E-7
Pe(H2) = 0.8685080320262603
x = 0.8389228518278711
G(HCl) = -4.1146675961327977E-7
G(GaCl) = 2.4750452244374175E-8
G(NH3) = 1.536558880340083E-7
G(AlCl3) = 1.2890543578963518E-7
G(H2) = -2.475045224437413E-8
Vg(AlGaN) = 1.98808585293414
Pg(AlCl3) = 27.0
Pe(HCl) = 47.213406278441845
Pe(GaCl) = 0.0014923022300066687
Pe(NH3) = 1484.7306904542363
Pe(AlCl3) = 8.028301401380618E-7
Pe(H2) = 0.6514766907132623
x = 0.8782018031101296
G(HCl) = -4.2015557614504133E-7
G(GaCl) = 1.8565565460808452E-8
G(NH3) = 1.5242890235555366E-7
G(AlCl3) = 1.3386333689474431E-7
G(H2) = -1.856556546080849E-8
Vg(AlGaN) = 1.9673853979194165
Pg(AlCl3) = 28.0
Pe(HCl) = 48.189588198437804
Pe(GaCl) = 6.826164181161499E-4
Pe(NH3) = 1484.8537721542298
Pe(AlCl3) = 8.924019074897914E-7
Pe(H2) = 0.434385635798136
x = 0.9181285755211914
G(HCl) = -4.2884269087257055E-7
G(GaCl) = 1.23789769789242E-8
G(NH3) = 1.5120021494347192E-7
G(AlCl3) = 1.388212379645488E-7
G(H2) = -1.2378976978924223E-8
Vg(AlGaN) = 1.9466617744524508
Pg(AlCl3) = 29.0
Pe(HCl) = 49.16555953322934
Pe(GaCl) = 1.755825942296073E-4
Pe(NH3) = 1484.9770415728306
Pe(AlCl3) = 9.895477050835263E-7
Pe(H2) = 0.21722882460173548
x = 0.9587215516730104
G(HCl) = -4.375279315868721E-7
G(GaCl) = 6.190514596466233E-9
G(NH3) = 1.4996965359326746E-7
G(AlCl3) = 1.4377913899680198E-7
G(H2) = -6.1905145964662925E-9
Vg(AlGaN) = 1.9259126380337617
Pg(AlCl3) = 30.0
Pe(HCl) = 50.14130024471963
Pe(GaCl) = 7.65441597097263E-30
Pe(NH3) = 1485.100516572524
Pe(AlCl3) = 1.0947424352366483E-6
Pe(H2) = 4.901376366528049E-16
x = 1.0
G(HCl) = -4.46211119967448E-7
G(GaCl) = -4.739309519833382E-38
G(NH3) = 1.4873703998914845E-7
G(AlCl3) = 1.4873703998914935E-7
G(H2) = -1.3967778905674933E-23
Vg(AlGaN) = 1.9051355609610168
