T = 623.0K
Pe(HCl) = 6.1689451128588875
Pe(GaCl) = 2371.2384780051652
Pe(GaCl2) = 3235.097675408201
Pe(GaCl3) = 2680.5794868762773
Pe(H2) = 1560.405618813496
G(HCl) = 5.277631752983958E-5
G(GaCl) = -8.712454640546556E-6
G(GaCl2) = -1.0467862054135766E-5
G(GaCl3) = -7.709379593536161E-6
G(H2) = -2.6388158764771897E-5
Ve(Ga) = -317.76784649211135
T = 633.0K
Pe(HCl) = 6.956334342886031
Pe(GaCl) = 2794.644059230573
Pe(GaCl2) = 3399.7105884593907
Pe(GaCl3) = 2376.324203120629
Pe(H2) = 1560.2826725339978
G(HCl) = 5.333004741005839E-5
G(GaCl) = -1.0376691425241648E-5
G(GaCl2) = -1.1116796231471422E-5
G(GaCl3) = -6.906587774667699E-6
G(H2) = -2.6665023606095085E-5
Ve(Ga) = -335.61668801731554
T = 643.0K
Pe(HCl) = 7.7729562778190875
Pe(GaCl) = 3258.839602673617
Pe(GaCl2) = 3528.985463585053
Pe(GaCl3) = 2081.185997466129
Pe(H2) = 1560.1551735207056
G(HCl) = 5.3880546819442414E-5
G(GaCl) = -1.2226183291024927E-5
G(GaCl2) = -1.1659584741230005E-5
G(GaCl3) = -6.111731348654616E-6
G(H2) = -2.6940273409725388E-5
Ve(Ga) = -354.4941778534164
T = 653.0K
Pe(HCl) = 8.607524199533604
Pe(GaCl) = 3760.6699732336115
Pe(GaCl2) = 3618.19413774055
Pe(GaCl3) = 1800.0612720656209
Pe(H2) = 1560.024767863764
G(HCl) = 5.4427935126612205E-5
G(GaCl) = -1.425342641052459E-5
G(GaCl2) = -1.207678174834915E-5
G(GaCl3) = -5.340313923965576E-6
G(H2) = -2.721396583936893E-5
Ve(Ga) = -374.2650527426789
T = 663.0K
Pe(HCl) = -9.465664628921266
Pe(GaCl) = 4299.774348210188
Pe(GaCl2) = 3671.32991019008
Pe(GaCl3) = 1541.6926467665178
Pe(H2) = 1562.846566289036
G(HCl) = 5.50764072890618E-5
G(GaCl) = -1.6461089984876383E-5
G(GaCl2) = -1.2377747922916378E-5
G(GaCl3) = -4.619938233352153E-6
G(H2) = -2.7538200265836354E-5
Ve(Ga) = -395.39766930322827
T = 673.0K
Pe(HCl) = 10.279925905281791
Pe(GaCl) = 4857.897408365143
Pe(GaCl2) = 3665.8380217899858
Pe(GaCl3) = 1296.052207481976
Pe(H2) = 1559.7637486275764
G(HCl) = 5.551388761132295E-5
G(GaCl) = -1.878256401672329E-5
G(GaCl2) = -1.2482026694118165E-5
G(GaCl3) = -3.9224234677204155E-6
G(H2) = -2.7756943904029936E-5
Ve(Ga) = -415.8210490799778
T = 683.0K
Pe(HCl) = -11.11744687612066
Pe(GaCl) = 5447.463713114277
Pe(GaCl2) = 3632.7350926859817
Pe(GaCl3) = 1082.9125796337908
Pe(H2) = 1563.104662166143
G(HCl) = 5.617733898852079E-5
G(GaCl) = -2.1268221227315547E-5
G(GaCl2) = -1.2490385692568314E-5
G(GaCl3) = -3.3094487920228754E-6
G(H2) = -2.8088669494260404E-5
Ve(Ga) = -438.0501776951311
T = 693.0K
Pe(HCl) = -11.900212752322522
Pe(GaCl) = 6045.055529147322
Pe(GaCl2) = 3550.559764153711
Pe(GaCl3) = 890.7346412826212
Pe(H2) = 1563.2753722369516
G(HCl) = 5.672361688449501E-5
G(GaCl) = -2.3829005259837357E-5
G(GaCl2) = -1.2325590720906923E-5
G(GaCl3) = -2.7483966144130688E-6
G(H2) = -2.836268822826367E-5
Ve(Ga) = -459.7344665613823
T = 703.0K
Pe(HCl) = 12.602130156080475
Pe(GaCl) = 6637.666137864518
Pe(GaCl2) = 3420.8009229437966
Pe(GaCl3) = 720.5112206137242
Pe(H2) = 1559.401070607863
G(HCl) = 5.71227125727059E-5
G(GaCl) = -2.6413751729922775E-5
G(GaCl2) = -1.1988028992271616E-5
G(GaCl3) = -2.2442998439421207E-6
G(H2) = -2.856135462400684E-5
Ve(Ga) = -480.3333347987689
T = 713.0K
Pe(HCl) = 15.671031860126615
Pe(GaCl) = 8543.957733579116
Pe(GaCl2) = 4558.684057814583
Pe(GaCl3) = -952.4690721716701
Pe(H2) = 1557.4307272120818
G(HCl) = 5.764031983691681E-5
G(GaCl) = -3.4318224202634376E-5
G(GaCl2) = -1.6125400393782632E-5
G(GaCl3) = 2.994622215884808E-6
G(H2) = -2.879259054172144E-5
Ve(Ga) = -560.7265750809909
T = 723.0K
Pe(HCl) = 13.894831477830548
Pe(GaCl) = 7824.054113751402
Pe(GaCl2) = 3093.966732658658
Pe(GaCl3) = 459.6420106640296
Pe(H2) = 1559.1993230155506
G(HCl) = 5.818328552863639E-5
G(GaCl) = -3.171700476580155E-5
G(GaCl2) = -1.1045395177423403E-5
G(GaCl3) = -1.4584968026626766E-6
G(H2) = -2.9091642764318194E-5
Ve(Ga) = -522.5785735277158
T = 733.0K
Pe(HCl) = 14.441098267625064
Pe(GaCl) = 8395.018573947153
Pe(GaCl2) = 2900.1384773117225
Pe(GaCl3) = 361.54466211996464
Pe(H2) = 1559.1140306223244
G(HCl) = 5.8710288866432244E-5
G(GaCl) = -3.434169419483164E-5
G(GaCl2) = -1.0447781644620957E-5
G(GaCl3) = -1.1576771274529033E-6
G(H2) = -2.9355144433216126E-5
Ve(Ga) = -542.9785332731444
T = 743.0K
Pe(HCl) = 14.915321895731173
Pe(GaCl) = 8942.945592625376
Pe(GaCl2) = 2694.928952240611
Pe(GaCl3) = 281.8383167080403
Pe(H2) = 1559.0399868237241
G(HCl) = 5.9235210948983634E-5
G(GaCl) = -3.691195022974394E-5
G(GaCl2) = -9.795779934733671E-6
G(GaCl3) = -9.105669499241182E-7
G(H2) = -2.9617605474491824E-5
Ve(Ga) = -562.7272084249885
T = 753.0K
Pe(HCl) = 16.230701317499623
Pe(GaCl) = 10031.784203936262
Pe(GaCl2) = 2792.1553290685306
Pe(GaCl3) = -259.669086497989
Pe(H2) = 1557.7885918680602
G(HCl) = 5.975264215634065E-5
G(GaCl) = -4.17733181908962E-5
G(GaCl2) = -1.0239191468103423E-5
G(GaCl3) = 8.4638213222373E-7
G(H2) = -2.985627334431806E-5
Ve(Ga) = -604.653543991423
T = 763.0K
Pe(HCl) = 16.35835862513048
Pe(GaCl) = 10408.702452023601
Pe(GaCl2) = 2488.089721780915
Pe(GaCl3) = -191.54047925259488
Pe(H2) = 1557.9355185133327
G(HCl) = 6.027474243413383E-5
G(GaCl) = -4.372211770078758E-5
G(GaCl2) = -9.203985573769062E-6
G(GaCl3) = 6.297825291846403E-7
G(H2) = -3.0120374018528056E-5
Ve(Ga) = -618.0095544626392
T = 773.0K
Pe(HCl) = 15.8990623528424
Pe(GaCl) = 10404.264860021434
Pe(GaCl2) = 2068.174511675524
Pe(GaCl3) = 127.74618464360167
Pe(H2) = 1558.5579471002566
G(HCl) = 6.079808152027413E-5
G(GaCl) = -4.408090758225738E-5
G(GaCl2) = -7.716699821302665E-6
G(GaCl3) = -4.236551693441306E-7
G(H2) = -3.0392635990476754E-5
Ve(Ga) = -617.1225576899318
T = 783.0K
Pe(HCl) = 16.084717970157083
Pe(GaCl) = 10820.449354905804
Pe(GaCl2) = 1870.0892819956084
Pe(GaCl3) = 96.99760548600678
Pe(H2) = 1558.024724571826
G(HCl) = 6.131522544116837E-5
G(GaCl) = -4.623500987514627E-5
G(GaCl2) = -7.0370930891910455E-6
G(GaCl3) = -3.244233578513424E-7
G(H2) = -3.064123670669811E-5
Ve(Ga) = -633.3746787732135
T = 793.0K
Pe(HCl) = 16.21303508660398
Pe(GaCl) = 11202.287695291488
Pe(GaCl2) = 1683.5565858288
Pe(GaCl3) = 73.40860525353374
Pe(H2) = 1557.797209275111
G(HCl) = 6.183046218563961E-5
G(GaCl) = -4.826942498441876E-5
G(GaCl2) = -6.388492924594575E-6
G(GaCl3) = -2.475926907733377E-7
G(H2) = -3.089460246013497E-5
Ve(Ga) = -648.8435450082925
T = 803.0K
Pe(HCl) = 16.290988171322372
Pe(GaCl) = 11551.06894471263
Pe(GaCl2) = 1510.2865639909612
Pe(GaCl3) = 55.43875775977514
Pe(H2) = 1557.9490888327007
G(HCl) = 6.234379499015848E-5
G(GaCl) = -5.018589949563513E-5
G(GaCl2) = -5.778620742121325E-6
G(GaCl3) = -1.8853781536062534E-7
G(H2) = -3.115437796904475E-5
Ve(Ga) = -663.5863841758444
T = 813.0K
Pe(HCl) = 16.514793359149618
Pe(GaCl) = 12008.049207071017
Pe(GaCl2) = 1383.0743516845077
Pe(GaCl3) = -43.31542867538884
Pe(H2) = 1558.0599886663133
G(HCl) = 6.285403305674948E-5
G(GaCl) = -5.259950360461082E-5
G(GaCl2) = -5.335314332938505E-6
G(GaCl3) = 1.485173690503102E-7
G(H2) = -3.141229360745377E-5
Ve(Ga) = -682.8871583961791
T = 823.0K
Pe(HCl) = 16.30678632022909
Pe(GaCl) = 12149.500616991425
Pe(GaCl2) = 1204.809603287444
Pe(GaCl3) = 31.490761720988665
Pe(H2) = 1558.4005622513687
G(HCl) = 6.3364856103272E-5
G(GaCl) = -5.365051176491189E-5
G(GaCl2) = -4.685318932922763E-6
G(GaCl3) = -1.088489016366648E-7
G(H2) = -3.167384770906145E-5
Ve(Ga) = -690.6675246972778
T = 833.0K
Pe(HCl) = 16.360984396808217
Pe(GaCl) = 12485.01545663015
Pe(GaCl2) = 1086.9994553032514
Pe(GaCl3) = -24.19996761653909
Pe(H2) = 1558.1005796666645
G(HCl) = 6.387192467000558E-5
G(GaCl) = -5.55735875672458E-5
G(GaCl2) = -4.261023924286594E-6
G(GaCl3) = 8.431786044647412E-8
G(H2) = -3.1921340806816777E-5
Ve(Ga) = -706.0965631932548
T = 843.0K
Pe(HCl) = 16.172640130858984
Pe(GaCl) = 12627.716224047232
Pe(GaCl2) = 953.7540815456437
Pe(GaCl3) = 17.88462743903313
Pe(H2) = 1558.8436730749768
G(HCl) = 6.437848723708745E-5
G(GaCl) = -5.665349856669227E-5
G(GaCl2) = -3.7682840060594878E-6
G(GaCl3) = -6.280688609208888E-8
G(H2) = -3.218924361854375E-5
Ve(Ga) = -714.7740730235541
T = 853.0K
Pe(HCl) = 16.11520304722163
Pe(GaCl) = 12872.6900437359
Pe(GaCl2) = 853.2693980031211
Pe(GaCl3) = -13.644448809899416
Pe(H2) = 1558.1865921432543
G(HCl) = 6.488218632919652E-5
G(GaCl) = -5.820408184878215E-5
G(GaCl2) = -3.397626205234851E-6
G(GaCl3) = 4.829093015011946E-8
G(H2) = -3.242723210011692E-5
Ve(Ga) = -727.4048986656559
T = 863.0K
Pe(HCl) = 15.926268098797387
Pe(GaCl) = 13001.345475711507
Pe(GaCl2) = 752.0621954747176
Pe(GaCl3) = 10.205039547755616
Pe(H2) = 1558.882133789699
G(HCl) = 6.53847524245253E-5
G(GaCl) = -5.924002301050741E-5
G(GaCl2) = -3.0177688748091804E-6
G(GaCl3) = -3.6397122945036814E-8
G(H2) = -3.269237606449322E-5
Ve(Ga) = -736.1589390208518
T = 873.0K
Pe(HCl) = 15.774873443274444
Pe(GaCl) = 13155.989741172307
Pe(GaCl2) = 667.6781587949513
Pe(GaCl3) = 7.73498795735146
Pe(H2) = 1558.9057791188845
G(HCl) = 6.588512073526006E-5
G(GaCl) = -6.0402473447433E-5
G(GaCl2) = -2.6996263814824164E-6
G(GaCl3) = -2.7798174863994598E-8
G(H2) = -3.2942560367494754E-5
Ve(Ga) = -746.034894663985
T = 883.0K
Pe(HCl) = 15.63147600519303
Pe(GaCl) = 13312.541294320083
Pe(GaCl2) = 594.7661100793977
Pe(GaCl3) = -5.906550286584905
Pe(H2) = 1558.4818212902778
G(HCl) = 6.638351212053241E-5
G(GaCl) = -6.158271148664462E-5
G(GaCl2) = -2.4229773269130215E-6
G(GaCl3) = 2.1387360433574458E-8
G(H2) = -3.318225269992195E-5
Ve(Ga) = -756.1317712230796
T = 893.0K
Pe(HCl) = 15.43443261859688
Pe(GaCl) = 13412.061092345248
Pe(GaCl2) = 526.9040454055098
Pe(GaCl3) = 4.483444543240451
Pe(H2) = 1558.958934494111
G(HCl) = 6.688036757072838E-5
G(GaCl) = -6.250621721621805E-5
G(GaCl2) = -2.162541864302187E-6
G(GaCl3) = -1.635554196864812E-8
G(H2) = -3.3440183785364184E-5
Ve(Ga) = -764.413601156575
T = 903.0K
Pe(HCl) = 15.251420186129534
Pe(GaCl) = 13517.47028677229
Pe(GaCl2) = 468.60973717295184
Pe(GaCl3) = 3.430782880933196
Pe(H2) = 1558.9875094846714
G(HCl) = 6.737526688217353E-5
G(GaCl) = -6.3462474852559E-5
G(GaCl2) = -1.937484273532571E-6
G(GaCl3) = -1.2607827516619532E-8
G(H2) = -3.368763344108701E-5
Ve(Ga) = -773.0102382553262
T = 913.0K
Pe(HCl) = 15.07573356477119
Pe(GaCl) = 13621.436401001709
Pe(GaCl2) = 417.89424044623877
Pe(GaCl3) = -2.641597129650465
Pe(H2) = 1559.02889008888
G(HCl) = 6.786828129969058E-5
G(GaCl) = -6.44174010294607E-5
G(GaCl2) = -1.740411620362631E-6
G(GaCl3) = 9.778501789981065E-9
G(H2) = -3.3934444278981575E-5
Ve(Ga) = -781.7015906615812
T = 923.0K
Pe(HCl) = 14.871644354888609
Pe(GaCl) = 13691.66887567058
Pe(GaCl2) = 371.8819719503367
Pe(GaCl3) = 2.031721651518052
Pe(H2) = 1559.0468064986617
G(HCl) = 6.835968138694613E-5
G(GaCl) = -6.521702462046498E-5
G(GaCl2) = -1.559965579505077E-6
G(GaCl3) = -7.575202488919103E-9
G(H2) = -3.4179840693470946E-5
Ve(Ga) = -789.2237717890927
