T = 623.0K
Pe(HCl) = 0.004451780959148874
Pe(AlCl) = 0.1299128175173349
Pe(AlCl2) = 0.16932866330357127
Pe(AlCl3) = 5982.92537617058
Pe(H2) = 1561.3681235893391
G(HCl) = 5.280887153797801E-5
G(AlCl) = -4.791914272332448E-10
G(AlCl2) = -4.819384675441986E-10
G(AlCl3) = -1.7602476156530337E-5
G(H2) = -2.6404435768988344E-5
Ve(Al) = -176.56771120582872
T = 633.0K
Pe(HCl) = 0.0037152247529077553
Pe(AlCl) = 0.12525034574252292
Pe(AlCl2) = 0.09386261925859818
Pe(AlCl3) = 5982.9764353259925
Pe(H2) = 1561.36823859283
G(HCl) = 5.336715157167316E-5
G(AlCl) = -4.668776407303378E-10
G(AlCl2) = -2.6997334377342005E-10
G(AlCl3) = -1.7788714915819032E-5
G(H2) = -2.6683575785834235E-5
Ve(Al) = -178.43349176431587
T = 643.0K
Pe(HCl) = 0.004174436951623557
Pe(AlCl) = 0.1544965613271591
Pe(AlCl2) = 0.09498005670246755
Pe(AlCl3) = 5982.96321781808
Pe(H2) = 1561.3681668931422
G(HCl) = 5.392243800264665E-5
G(AlCl) = -5.818867610069125E-10
G(AlCl2) = -2.7602991860481486E-10
G(AlCl3) = -1.7973768018695226E-5
G(H2) = -2.6961219001325665E-5
Ve(Al) = -180.29084374547074
T = 653.0K
Pe(HCl) = 0.004756675089416173
Pe(AlCl) = 0.19745019230666294
Pe(AlCl2) = 0.09951080343420192
Pe(AlCl3) = 5982.941997006014
Pe(H2) = 1561.368075984133
G(HCl) = 5.447479855169173E-5
G(AlCl) = -7.512826477035973E-10
G(AlCl2) = -2.9215956142416736E-10
G(AlCl3) = -1.815782098331148E-5
G(H2) = -2.7237399275845405E-5
Ve(Al) = -182.13881059374881
T = 663.0K
Pe(HCl) = 0.004659564576722943
Pe(AlCl) = 0.21565735024302354
Pe(AlCl2) = 0.07754614518241587
Pe(AlCl3) = 5982.94861177671
Pe(H2) = 1561.3680911466502
G(HCl) = 5.50242974712237E-5
G(AlCl) = -8.288366201333136E-10
G(AlCl2) = -2.299688187261264E-10
G(AlCl3) = -1.8341002898760932E-5
G(H2) = -2.751214873561112E-5
Ve(Al) = -183.97633378136308
T = 673.0K
Pe(HCl) = 0.003708645349881896
Pe(AlCl) = 0.19444639942775327
Pe(AlCl2) = 0.04013996728145603
Pe(AlCl3) = 5982.98216907682
Pe(H2) = 1561.3682396201789
G(HCl) = 5.5570993592852584E-5
G(AlCl) = -7.547414228662929E-10
G(AlCl2) = -1.2022073225344078E-10
G(AlCl3) = -1.8523332803181882E-5
G(H2) = -2.7785496796424937E-5
Ve(Al) = -185.80331294440165
T = 683.0K
Pe(HCl) = 0.0020139356196115163
Pe(AlCl) = 0.11963973112950146
Pe(AlCl2) = 0.009812026905752547
Pe(AlCl3) = 5983.03400430799
Pe(H2) = 1561.3685042269792
G(HCl) = 5.6114942185895565E-5
G(AlCl) = -4.68925654447773E-10
G(AlCl2) = -2.967504385575824E-11
G(AlCl3) = -1.8704804636775465E-5
G(H2) = -2.8057471092948345E-5
Ve(Al) = -187.61975438732284
T = 693.0K
Pe(HCl) = 0.003419757443225295
Pe(AlCl) = 0.22048375328376468
Pe(AlCl2) = 0.023219149614808705
Pe(AlCl3) = 5982.982373522376
Pe(H2) = 1561.368284726161
G(HCl) = 5.665617543225624E-5
G(AlCl) = -8.72517112682473E-10
G(AlCl2) = -7.090024638832658E-11
G(AlCl3) = -1.888505370481209E-5
G(H2) = -2.832808771612538E-5
Ve(Al) = -189.43216778879602
T = 703.0K
Pe(HCl) = 0.0038334374787409716
Pe(AlCl) = 0.26833685938245905
Pe(AlCl2) = 0.0242934592791074
Pe(AlCl3) = 5982.961435213852
Pe(H2) = 1561.368220135674
G(HCl) = 5.7194768266465265E-5
G(AlCl) = -1.071980193728978E-9
G(AlCl2) = -7.488586725844837E-11
G(AlCl3) = -1.9064515504811285E-5
G(H2) = -2.8597384133233964E-5
Ve(Al) = -191.23426366531237
T = 713.0K
Pe(HCl) = 0.003918107925944962
Pe(AlCl) = 0.300277989217804
Pe(AlCl2) = 0.021431281389621422
Pe(AlCl3) = 5982.949882142715
Pe(H2) = 1561.3682069154347
G(HCl) = 5.7730767322219007E-5
G(AlCl) = -1.2108238216447604E-9
G(AlCl2) = -6.668216170969869E-11
G(AlCl3) = -1.9243141044635605E-5
G(H2) = -2.8865383661109754E-5
Ve(Al) = -193.02724130986078
T = 723.0K
Pe(HCl) = 0.00429645017435876
Pe(AlCl) = 0.35886779733964336
Pe(AlCl2) = 0.022195287861974368
Pe(AlCl3) = 5982.924678203538
Pe(H2) = 1561.368147842243
G(HCl) = 5.826421767906148E-5
G(AlCl) = -1.4604495281917073E-9
G(AlCl2) = -6.969745495159219E-11
G(AlCl3) = -1.942087261153999E-5
G(H2) = -2.9132108839530753E-5
Ve(Al) = -194.81247584724608
T = 733.0K
Pe(HCl) = 0.0054584535430492204
Pe(AlCl) = 0.5014171177437388
Pe(AlCl2) = 0.030114216215788043
Pe(AlCl3) = 5982.85930403873
Pe(H2) = 1561.3679664106767
G(HCl) = 5.879516349306026E-5
G(AlCl) = -2.0591640767675785E-9
G(AlCl2) = -9.54261572510145E-11
G(AlCl3) = -1.9597637825546308E-5
G(H2) = -2.9397581746530448E-5
Ve(Al) = -196.59174686482413
T = 743.0K
Pe(HCl) = 0.0067880212681315595
Pe(AlCl) = 0.6814603235581216
Pe(AlCl2) = 0.039522634953636795
Pe(AlCl3) = 5982.777200172554
Pe(H2) = 1561.3677588160394
G(HCl) = 5.932365387936062E-5
G(AlCl) = -2.8237010795106436E-9
G(AlCl2) = -1.2636538067069928E-10
G(AlCl3) = -1.9773525815741214E-5
G(H2) = -2.9661826939679147E-5
Ve(Al) = -198.36393457829627
T = 753.0K
Pe(HCl) = 0.008416810827736845
Pe(AlCl) = 0.9090423589640032
Pe(AlCl2) = 0.051746032247893835
Pe(AlCl3) = 5982.673235261997
Pe(H2) = 1561.3675045019775
G(HCl) = 5.984973217636078E-5
G(AlCl) = -3.800114260976722E-9
G(AlCl2) = -1.6691434534138257E-10
G(AlCl3) = -1.9948532744479353E-5
G(H2) = -2.992486608818039E-5
Ve(Al) = -200.12950655297809
T = 763.0K
Pe(HCl) = 0.010407951863847645
Pe(AlCl) = 1.2184262796882404
Pe(AlCl2) = 0.06758624668590363
Pe(AlCl3) = 5982.532535669255
Pe(H2) = 1561.3671936114254
G(HCl) = 6.037344073997779E-5
G(AlCl) = -5.138017682166706E-9
G(AlCl2) = -2.1991696854341727E-10
G(AlCl3) = -2.0122620962760458E-5
G(H2) = -3.0186720369988906E-5
Ve(Al) = -201.889614357063
T = 773.0K
Pe(HCl) = 0.012799267913863006
Pe(AlCl) = 1.6211005369707254
Pe(AlCl2) = 0.0876539766078396
Pe(AlCl3) = 5982.349883901714
Pe(H2) = 1561.3668202387935
G(HCl) = 6.089482075840103E-5
G(AlCl) = -6.895103975557113E-9
G(AlCl2) = -2.876779449641674E-10
G(AlCl3) = -2.029578343281341E-5
G(H2) = -3.044741037920052E-5
Ve(Al) = -203.64478919064817
T = 783.0K
Pe(HCl) = 0.01565667594612305
Pe(AlCl) = 2.1404314162510185
Pe(AlCl2) = 0.11291046910307166
Pe(AlCl3) = 5982.114855743958
Pe(H2) = 1561.3663740920128
G(HCl) = 6.14139119872828E-5
G(AlCl) = -9.181607354760873E-9
G(AlCl2) = -3.7372804214412253E-10
G(AlCl3) = -2.046799430793895E-5
G(H2) = -3.07069559936414E-5
Ve(Al) = -205.39591290024777
T = 793.0K
Pe(HCl) = 0.019054441721774378
Pe(AlCl) = 2.8084488616119607
Pe(AlCl2) = 0.14449647132889093
Pe(AlCl3) = 5981.813285484106
Pe(H2) = 1561.3658435754592
G(HCl) = 6.193075291814596E-5
G(AlCl) = -1.2148528178140088E-8
G(AlCl2) = -4.823013313721735E-10
G(AlCl3) = -2.063921326190031E-5
G(H2) = -3.096537645907297E-5
Ve(Al) = -207.14413804920972
T = 803.0K
Pe(HCl) = 0.02307588782012364
Pe(AlCl) = 3.6533779274215488
Pe(AlCl2) = 0.18375804118128583
Pe(AlCl3) = 5981.432460283508
Pe(H2) = 1561.3652156794058
G(HCl) = 6.24453808223496E-5
G(AlCl) = -1.5934772916693784E-8
G(AlCl2) = -6.18445886405183E-10
G(AlCl3) = -2.0809403052528798E-5
G(H2) = -3.12226904111748E-5
Ve(Al) = -208.8905349944021
T = 813.0K
Pe(HCl) = 0.02781410415260344
Pe(AlCl) = 4.7246272645242655
Pe(AlCl2) = 0.2322744883382215
Pe(AlCl3) = 5980.950657433126
Pe(H2) = 1561.364475869081
G(HCl) = 6.2957831792126E-5
G(AlCl) = -2.07763130404452E-8
G(AlCl2) = -7.881457077100569E-10
G(AlCl3) = -2.097849306253895E-5
G(H2) = -3.1478915896063E-5
Ve(Al) = -210.63682230877626
T = 823.0K
Pe(HCl) = -0.03337941282216356
Pe(AlCl) = 6.072005324299707
Pe(AlCl2) = 0.2919822945418836
Pe(AlCl3) = 5980.385689535223
Pe(H2) = 1561.3740304340868
G(HCl) = 6.346856444328384E-5
G(AlCl) = -2.69177854363697E-8
G(AlCl2) = -9.987752564389045E-10
G(AlCl3) = -2.1146549702576285E-5
G(H2) = -3.173428222164343E-5
Ve(Al) = -212.38619385962645
T = 833.0K
Pe(HCl) = -0.03986678227007234
Pe(AlCl) = 7.752225084150261
Pe(AlCl2) = 0.36474357523237605
Pe(AlCl3) = 5979.64047626945
Pe(H2) = 1561.375043351649
G(HCl) = 6.397685173411485E-5
G(AlCl) = -3.464156189295802E-8
G(AlCl2) = -1.2576587479873387E-9
G(AlCl3) = -2.131323161825425E-5
G(H2) = -3.1988425867057425E-5
Ve(Al) = -214.1381314980114
T = 843.0K
Pe(HCl) = 0.04742244177860454
Pe(AlCl) = 9.840146306091443
Pe(AlCl2) = 0.45330427295566716
Pe(AlCl3) = 5978.658586475166
Pe(H2) = 1561.3614142843855
G(HCl) = 6.448246711211659E-5
G(AlCl) = -4.431953734476477E-8
G(AlCl2) = -1.5753880594764572E-9
G(AlCl3) = -2.147833226619944E-5
G(H2) = -3.2241233556058294E-5
Ve(Al) = -215.8943999889423
T = 853.0K
Pe(HCl) = -0.05618130172121081
Pe(AlCl) = 12.418454903766724
Pe(AlCl2) = 0.5604334938296294
Pe(AlCl3) = 5977.573999975774
Pe(H2) = 1561.3775906498606
G(HCl) = 6.498727916568932E-5
G(AlCl) = -5.6369403205084166E-8
G(AlCl2) = -1.9629264592823686E-9
G(AlCl3) = -2.1642327969852357E-5
G(H2) = -3.2493639582844974E-5
Ve(Al) = -217.66407653212286
T = 863.0K
Pe(HCl) = -0.06629453829276265
Pe(AlCl) = 15.584779638190998
Pe(AlCl2) = 0.6893606960098855
Pe(AlCl3) = 5976.173685386578
Pe(H2) = 1561.3791696990747
G(HCl) = 6.548948620121192E-5
G(AlCl) = -7.128847551658746E-8
G(AlCl2) = -2.433152077881644E-9
G(AlCl3) = -2.1804443807146882E-5
G(H2) = -3.274474310060607E-5
Ve(Al) = -219.44450582805717
T = 873.0K
Pe(HCl) = 0.07792742883948744
Pe(AlCl) = 19.452579013581946
Pe(AlCl2) = 0.8437555687846692
Pe(AlCl3) = 5974.371457461971
Pe(H2) = 1561.3566513308251
G(HCl) = 6.598870365433756E-5
G(AlCl) = -8.966028741564098E-8
G(AlCl2) = -3.000845699825435E-9
G(AlCl3) = -2.1964347225183083E-5
G(H2) = -3.299435182716879E-5
Ve(Al) = -221.23835353882242
T = 883.0K
Pe(HCl) = -0.0912683770037402
Pe(AlCl) = 24.154548019220066
Pe(AlCl2) = 1.027891042237868
Pe(AlCl3) = 5972.388967693901
Pe(H2) = 1561.3830690363686
G(HCl) = 6.648804862574608E-5
G(AlCl) = -1.121730416268262E-7
G(AlCl2) = -3.68333089917039E-9
G(AlCl3) = -2.2122836307474904E-5
G(H2) = -3.324402431287292E-5
Ve(Al) = -223.06070131800905
T = 893.0K
Pe(HCl) = 0.10651103242093286
Pe(AlCl) = 29.842109819284158
Pe(AlCl2) = 1.2464711213730286
Pe(AlCl3) = 5969.752816788948
Pe(H2) = 1561.35218837607
G(HCl) = 6.698303974237776E-5
G(AlCl) = -1.3962042634339739E-7
G(AlCl2) = -4.499929718466772E-9
G(AlCl3) = -2.2278139818926296E-5
G(H2) = -3.3491519871188485E-5
Ve(Al) = -224.90193788529484
T = 903.0K
Pe(HCl) = -0.12387041591570806
Pe(AlCl) = 36.688260628212376
Pe(AlCl2) = 1.5047643364934848
Pe(AlCl3) = 5966.863048439804
Pe(H2) = 1561.3881594170832
G(HCl) = 6.74790165459155E-5
G(AlCl) = -1.729180960516129E-7
G(AlCl2) = -5.472501463003016E-9
G(AlCl3) = -2.243171781561503E-5
G(H2) = -3.373950827295798E-5
Ve(Al) = -226.78611157950095
T = 913.0K
Pe(HCl) = -0.14357824676310887
Pe(AlCl) = 44.89295130817698
Pe(AlCl2) = 1.808782705995519
Pe(AlCl3) = 5963.250004689766
Pe(H2) = 1561.391236536328
G(HCl) = 6.797172810686216E-5
G(AlCl) = -2.1313275114898818E-7
G(AlCl2) = -6.6261689462625905E-9
G(AlCl3) = -2.2581781005508505E-5
G(H2) = -3.398586405343105E-5
Ve(Al) = -228.7062265809211
T = 923.0K
Pe(HCl) = 0.16587852424132474
Pe(AlCl) = 54.679827514324735
Pe(AlCl2) = 2.165084612840772
Pe(AlCl3) = 5958.745099709622
Pe(H2) = 1561.3429189210285
G(HCl) = 6.846035925816908E-5
G(AlCl) = -2.614709660233411E-7
G(AlCl2) = -7.988684747364428E-9
G(AlCl3) = -2.2727636974197998E-5
G(H2) = -3.4230179629084464E-5
Ve(Al) = -230.66771843367775
