Pg(AlCl3) = 0.0
Pe(HCl) = 5.624820245947906
Pe(GaCl) = 21.915550876932624
Pe(NH3) = 1494.9857553177917
Pe(AlCl3) = 5.556899451917715E-42
Pe(H2) = 9848.756483788537
x = 1.3735051013676717E-35
G(HCl) = -5.0055689208504405E-8
G(GaCl) = 5.005568920850441E-8
G(NH3) = 5.0055689208503505E-8
G(AlCl3) = -2.755056020521115E-50
G(H2) = -5.005568920849918E-8
Vg(AlGaN) = 0.68148989551676
Pg(AlCl3) = 1.0
Pe(HCl) = 6.381821634205215
Pe(GaCl) = 22.229765491850838
Pe(NH3) = 1495.304225539868
Pe(AlCl3) = 2.3709816624608905E-10
Pe(H2) = 9848.470948357412
x = 0.10576518736256599
G(HCl) = -5.6792300258130676E-8
G(GaCl) = 4.191859571997975E-8
G(NH3) = 4.687649723269597E-8
G(AlCl3) = 4.957901512716974E-9
G(H2) = -4.1918595719969336E-8
Vg(AlGaN) = 0.6342108656569331
Pg(AlCl3) = 2.0
Pe(HCl) = 7.3222774347358905
Pe(GaCl) = 22.28030450449634
Pe(NH3) = 1495.4591553691075
Pe(AlCl3) = 7.406078932637881E-10
Pe(H2) = 9848.242700926221
x = 0.21874761454872904
G(HCl) = -6.516148562002938E-8
G(GaCl) = 3.541407654769007E-8
G(NH3) = 4.532987957180299E-8
G(AlCl3) = 9.915803024113108E-9
G(H2) = -3.541407654770255E-8
Vg(AlGaN) = 0.6091587378124403
Pg(AlCl3) = 3.0
Pe(HCl) = 8.437262216131916
Pe(GaCl) = 22.079996270338825
Pe(NH3) = 1495.4585013790474
Pe(AlCl3) = 1.6993519754485605E-9
Pe(H2) = 9848.068954317003
x = 0.3280741712438189
G(HCl) = -7.508381722342202E-8
G(GaCl) = 3.0462703623665304E-8
G(NH3) = 4.5336408156917434E-8
G(AlCl3) = 1.4873704533252234E-8
G(H2) = -3.0462703623674674E-8
Vg(AlGaN) = 0.6052521278849281
Pg(AlCl3) = 4.0
Pe(HCl) = 9.69179062112253
Pe(GaCl) = 21.67912458964998
Pe(NH3) = 1495.3334512579513
Pe(AlCl3) = 3.342482982206765E-9
Pe(H2) = 9847.938783520687
x = 0.4257102991903487
G(HCl) = -8.624795779994785E-8
G(GaCl) = 2.6753139682953142E-8
G(NH3) = 4.6584745721951716E-8
G(AlCl3) = 1.9831606038998236E-8
G(H2) = -2.675313968296138E-8
Vg(AlGaN) = 0.6182522929013953
Pg(AlCl3) = 5.0
Pe(HCl) = 11.04591183182682
Pe(GaCl) = 21.135110026491663
Pe(NH3) = 1495.1196191527572
Pe(AlCl3) = 5.915290339333566E-9
Pe(H2) = 9847.839712945137
x = 0.5088224471241818
G(HCl) = -9.829838208194814E-8
G(GaCl) = 2.392985946154316E-8
G(NH3) = 4.871936700167809E-8
G(AlCl3) = 2.478950754013499E-8
G(H2) = -2.3929859461523118E-8
Vg(AlGaN) = 0.643318886446982
Pg(AlCl3) = 6.0
Pe(HCl) = 12.467693239550565
Pe(GaCl) = 20.4938487225556
Pe(NH3) = 1494.8454713797107
Pe(AlCl3) = 9.666189793749007E-9
Pe(H2) = 9847.761770874582
x = 0.5781123763103437
G(HCl) = -1.1095091943524739E-7
G(GaCl) = 2.170869232895473E-8
G(NH3) = 5.145610136438461E-8
G(AlCl3) = 2.9747409035430888E-8
G(H2) = -2.1708692328969485E-8
Vg(AlGaN) = 0.6765830293367836
Pg(AlCl3) = 7.0
Pe(HCl) = 13.935164974490808
Pe(GaCl) = 19.78691756093286
Pe(NH3) = 1494.530592973822
Pe(AlCl3) = 1.4842953557459757E-8
Pe(H2) = 9847.698096695216
x = 0.6356349483464055
G(HCl) = -1.240100583720606E-7
G(GaCl) = 1.9894126801088123E-8
G(NH3) = 5.4599437324746E-8
G(AlCl3) = 3.470531052365749E-8
G(H2) = -1.9894126801094228E-8
Vg(AlGaN) = 0.7153829042276392
Pg(AlCl3) = 8.0
Pe(HCl) = 15.433982406560512
Pe(GaCl) = 19.03493381003777
Pe(NH3) = 1494.1877714519555
Pe(AlCl3) = 2.1692376159554002E-8
Pe(H2) = 9847.644210955543
x = 0.6835924778304108
G(HCl) = -1.3734814497385325E-7
G(GaCl) = 1.8358508963079625E-8
G(NH3) = 5.802172096667123E-8
G(AlCl3) = 3.9663212003591205E-8
G(H2) = -1.8358508963084267E-8
Vg(AlGaN) = 0.7579805497556585
Pg(AlCl3) = 9.0
Pe(HCl) = 16.95483310331756
Pe(GaCl) = 18.251282054563184
Pe(NH3) = 1493.8253083795719
Pe(AlCl3) = 3.046063685137747E-8
Pe(H2) = 9847.597205627362
x = 0.7238977184605857
G(HCl) = -1.508823072191712E-7
G(GaCl) = 1.7018966797136633E-8
G(NH3) = 6.164008027114887E-8
G(AlCl3) = 4.462111347401152E-8
G(H2) = -1.7018966797134588E-8
Vg(AlGaN) = 0.8032476937019931
Pg(AlCl3) = 10.0
Pe(HCl) = 18.491581299124064
Pe(GaCl) = 17.444781115313834
Pe(NH3) = 1493.4486734832583
Pe(AlCl3) = 4.1393638712811614E-8
Pe(H2) = 9847.555164672174
x = 0.7580899263393338
G(HCl) = -1.6455794247817084E-7
G(GaCl) = 1.582089767707306E-8
G(NH3) = 6.539991261077198E-8
G(AlCl3) = 4.9579014933699255E-8
G(H2) = -1.5820897677082225E-8
Vg(AlGaN) = 0.8504409412720736
Pg(AlCl3) = 11.0
Pe(HCl) = 20.04009144726488
Pe(GaCl) = 16.62137493578138
Pe(NH3) = 1493.0615533949144
Pe(AlCl3) = 5.4737230053821045E-8
Pe(H2) = 9847.516796667367
x = 0.7873727948812673
G(HCl) = -1.7833824821636593E-7
G(GaCl) = 1.472749907205939E-8
G(NH3) = 6.92644154534962E-8
G(AlCl3) = 5.4536916381435526E-8
G(H2) = -1.4727499072034015E-8
Vg(AlGaN) = 0.8990592394573843
Pg(AlCl3) = 12.0
Pe(HCl) = 21.59750634423657
Pe(GaCl) = 15.78517012062605
Pe(NH3) = 1492.6664951676862
Pe(AlCl3) = 7.073733705837932E-8
Pe(H2) = 9847.48120938338
x = 0.8126801153902945
G(HCl) = -1.9219779796956382E-7
G(GaCl) = 1.3713344521560642E-8
G(NH3) = 7.320816233756113E-8
G(AlCl3) = 5.949481781600106E-8
G(H2) = -1.3713344521549167E-8
Vg(AlGaN) = 0.9487564162844878
Pg(AlCl3) = 13.0
Pe(HCl) = 23.16180363490164
Pe(GaCl) = 14.939073362538046
Pe(NH3) = 1492.265301629339
Pe(AlCl3) = 8.964004208789456E-8
Pe(H2) = 9847.44777129189
x = 0.8347375295394254
G(HCl) = -2.0611859465060347E-7
G(GaCl) = 1.276043694207609E-8
G(NH3) = 7.721315617825237E-8
G(AlCl3) = 6.445271923617579E-8
G(H2) = -1.2760436942055823E-8
Vg(AlGaN) = 0.9992874480301928
Pg(AlCl3) = 14.0
Pe(HCl) = 24.73151915219549
Pe(GaCl) = 14.085189080911427
Pe(NH3) = 1491.8592780110134
Pe(AlCl3) = 1.1169163044042796E-7
Pe(H2) = 9847.416025172068
x = 0.8541125067062691
G(HCl) = -2.2008760852905253E-7
G(GaCl) = 1.1855746606836495E-8
G(NH3) = 8.12663672475755E-8
G(AlCl3) = 6.941062064073867E-8
G(H2) = -1.1855746606853475E-8
Vg(AlGaN) = 1.0504749397158695
Pg(AlCl3) = 15.0
Pe(HCl) = 26.305570706600307
Pe(GaCl) = 13.225072685943262
Pe(NH3) = 1491.4493890300548
Pe(AlCl3) = 1.3713861889913975E-7
Pe(H2) = 9847.385633084643
x = 0.8712525857702081
G(HCl) = -2.3409520912077115E-7
G(GaCl) = 1.098964303536865E-8
G(NH3) = 8.535816506383577E-8
G(AlCl3) = 7.436852202846749E-8
G(H2) = -1.0989643035352268E-8
Vg(AlGaN) = 1.1021877758575667
Pg(AlCl3) = 16.0
Pe(HCl) = 27.883143310663637
Pe(GaCl) = 12.359895543290211
Pe(NH3) = 1491.0363612065903
Pe(AlCl3) = 1.6622777363630168E-7
Pe(H2) = 9847.35634053055
x = 0.8865140097547407
G(HCl) = -2.4813414379245817E-7
G(GaCl) = 1.015487359804169E-8
G(NH3) = 8.948129699618085E-8
G(AlCl3) = 7.932642339813881E-8
G(H2) = -1.015487359805463E-8
Vg(AlGaN) = 1.1543272145405903
Pg(AlCl3) = 17.0
Pe(HCl) = 29.463612739480077
Pe(GaCl) = 11.490554839161002
Pe(NH3) = 1490.6207510055194
Pe(AlCl3) = 1.9920612176960517E-7
Pe(H2) = 9847.327952580856
x = 0.900183034167728
G(HCl) = -2.621988575207537E-7
G(GaCl) = 9.345883275169961E-9
G(NH3) = 9.363020802369883E-8
G(AlCl3) = 8.42843247485279E-8
G(H2) = -9.34588327519696E-9
Vg(AlGaN) = 1.2068176261885575
Pg(AlCl3) = 18.0
Pe(HCl) = 31.04649353104023
Pe(GaCl) = 10.617748318444
Pe(NH3) = 1490.2029911915906
Pe(AlCl3) = 2.3632095904738006E-7
Pe(H2) = 9847.30031763864
x = 0.9124918064445741
G(HCl) = -2.7628503014351885E-7
G(GaCl) = 8.558351908292798E-9
G(NH3) = 9.780057798670045E-8
G(AlCl3) = 8.924222607840867E-8
G(H2) = -8.55835190831865E-9
Vg(AlGaN) = 1.259600193408867
Pg(AlCl3) = 19.0
Pe(HCl) = 32.631402902436704
Pe(GaCl) = 9.742026147272693
Pe(NH3) = 1489.7834229963478
Pe(AlCl3) = 2.77819855129026E-7
Pe(H2) = 9847.273316171344
x = 0.9236302635421894
G(HCl) = -2.9038925524749783E-7
G(GaCl) = 7.788873087824143E-9
G(NH3) = 1.0198900047381357E-7
G(AlCl3) = 9.420012738655372E-8
G(H2) = -7.788873098483373E-9
Vg(AlGaN) = 1.3126285391655306
Pg(AlCl3) = 20.0
Pe(HCl) = 34.2180352447495
Pe(GaCl) = 8.863827571040543
Pe(NH3) = 1489.3623188543716
Pe(AlCl3) = 3.2395065726206425E-7
Pe(H2) = 9847.246852744333
x = 0.9337551123452815
G(HCl) = -3.0450881319642694E-7
G(GaCl) = 7.034727181224187E-9
G(NH3) = 1.0619275585295724E-7
G(AlCl3) = 9.915802867173421E-8
G(H2) = -7.034727181209888E-9
Vg(AlGaN) = 1.3658656366407669
Pg(AlCl3) = 21.0
Pe(HCl) = 35.806143786033346
Pe(GaCl) = 7.983507269867475
Pe(NH3) = 1488.9398987503873
Pe(AlCl3) = 3.7496149312252494E-7
Pe(H2) = 9847.220850298494
x = 0.9429966650585955
G(HCl) = -3.1864150794860894E-7
G(GaCl) = 6.293718150447411E-9
G(NH3) = 1.1040964808310382E-7
G(AlCl3) = 1.0411592993272E-7
G(H2) = -6.293718151667356E-9
Vg(AlGaN) = 1.4192815875642577
Pg(AlCl3) = 22.0
Pe(HCl) = 37.39552719962024
Pe(GaCl) = 7.101354606215356
Pe(NH3) = 1488.5163421566888
Pe(AlCl3) = 4.311007727098693E-7
Pe(H2) = 9847.195245964462
x = 0.9514640875323134
G(HCl) = -3.3278554788321316E-7
G(GaCl) = 5.5640543783731745E-9
G(NH3) = 1.146378855465875E-7
G(AlCl3) = 1.0907383116827948E-7
G(H2) = -5.564054379603524E-9
Vg(AlGaN) = 1.4728519997086
Pg(AlCl3) = 23.0
Pe(HCl) = 38.98601968193935
Pe(GaCl) = 6.217607885863518
Pe(NH3) = 1488.0917968785827
Pe(AlCl3) = 4.926171901532115E-7
Pe(H2) = 9847.169987966268
x = 0.9592494644330237
G(HCl) = -3.4693945750206385E-7
G(GaCl) = 4.844260370524949E-9
G(NH3) = 1.1887599274770144E-7
G(AlCl3) = 1.1403173237717962E-7
G(H2) = -4.844260370772076E-9
Vg(AlGaN) = 1.5265567847405173
Pg(AlCl3) = 24.0
Pe(HCl) = 40.577483502554955
Pe(GaCl) = 5.332465065599123
Pe(NH3) = 1487.6663856956234
Pe(AlCl3) = 5.597597247754645E-7
Pe(H2) = 9847.145033294662
x = 0.9664309751186495
G(HCl) = -3.6110201113188013E-7
G(GaCl) = 4.133110457316094E-9
G(NH3) = 1.2312274401526365E-7
G(AlCl3) = 1.1898963355818604E-7
G(H2) = -4.133110461870862E-9
Vg(AlGaN) = 1.5803792556011922
Pg(AlCl3) = 25.0
Pe(HCl) = 42.16980334139667
Pe(GaCl) = 4.446091892204365
Pe(NH3) = 1487.2402114095335
Pe(AlCl3) = 6.327776424730428E-7
Pe(H2) = 9847.120345937847
x = 0.9730753954385761
G(HCl) = -3.752721825308712E-7
G(GaCl) = 3.429578400682578E-9
G(NH3) = 1.273771131107458E-7
G(AlCl3) = 1.2394753471006287E-7
G(H2) = -3.4295784007071546E-9
Vg(AlGaN) = 1.634305440419006
Pg(AlCl3) = 26.0
Pe(HCl) = 43.762881935377315
Pe(GaCl) = 3.558628159501677
Pe(NH3) = 1486.8133607252882
Pe(AlCl3) = 7.119204962732716E-7
Pe(H2) = 9847.09589552367
x = 0.9792400842836251
G(HCl) = -3.894491061476681E-7
G(GaCl) = 2.7327986529510275E-9
G(NH3) = 1.316382344845846E-7
G(AlCl3) = 1.2890543583157287E-7
G(H2) = -2.732798651829917E-9
Vg(AlGaN) = 1.688323555063202
Pg(AlCl3) = 27.0
Pe(HCl) = 45.35663669628985
Pe(GaCl) = 2.6701925693772504
Pe(NH3) = 1486.3859072658374
Pe(AlCl3) = 7.974381274735065E-7
Pe(H2) = 9847.071656261885
x = 0.9849745730317699
G(HCl) = -4.036320470237401E-7
G(GaCl) = 2.042036259317078E-9
G(NH3) = 1.3590537318112434E-7
G(AlCl3) = 1.338633369214774E-7
G(H2) = -2.0420362534450875E-9
Vg(AlGaN) = 1.7424235933771393
Pg(AlCl3) = 28.0
Pe(HCl) = 46.95099705758483
Pe(GaCl) = 1.780886545217861
Pe(NH3) = 1485.9579139375492
Pe(AlCl3) = 8.895806661883378E-7
Pe(H2) = 9847.04760611704
x = 0.9903218464914468
G(HCl) = -4.178203771821719E-7
G(GaCl) = 1.3566632465633025E-9
G(NH3) = 1.4017790122510397E-7
G(AlCl3) = 1.3882123797853622E-7
G(H2) = -1.3566632464789973E-9
Vg(AlGaN) = 1.7965970057193232
Pg(AlCl3) = 29.0
Pe(HCl) = 48.54590237398519
Pe(GaCl) = 0.8907972507378284
Pe(NH3) = 1485.529434802199
Pe(AlCl3) = 9.88598532092459E-7
Pe(H2) = 9847.023726150126
x = 0.9953193823258898
G(HCl) = -4.3201355693618094E-7
G(GaCl) = 6.761399316849826E-10
G(NH3) = 1.444552789341579E-7
G(AlCl3) = 1.4377913900150786E-7
G(H2) = -6.761399134890205E-10
Vg(AlGaN) = 1.8508364444871872
Pg(AlCl3) = 30.0
Pe(HCl) = 50.14130024471964
Pe(GaCl) = -2.0096283576021214E-24
Pe(NH3) = 1485.100516572523
Pe(AlCl3) = 1.094742435236653E-6
Pe(H2) = 9847.0
x = 1.0
G(HCl) = -4.4621111996744806E-7
G(GaCl) = 1.2442818423546729E-32
G(NH3) = 1.487370399891575E-7
G(AlCl3) = 1.4873703998914935E-7
G(H2) = 0.0
Vg(AlGaN) = 1.9051355609610168
